Arguments: 
  /Users/kamilkulik/.nvm/versions/node/v10.16.3/bin/node /Users/kamilkulik/.nvm/versions/node/v10.16.3/bin/yarn add babel-preset-react@6.24.1 babel-present-env@1.5.2

PATH: 
  /Users/kamilkulik/.nvm/versions/node/v10.16.3/bin:/anaconda2/bin:/usr/local/bin:/usr/bin:/bin:/usr/sbin:/sbin

Yarn version: 
  1.19.1

Node version: 
  10.16.3

Platform: 
  darwin x64

Trace: 
  Error: https://registry.yarnpkg.com/babel-present-env: Not found
      at Request.params.callback [as _callback] (/Users/kamilkulik/.nvm/versions/node/v10.16.3/lib/node_modules/yarn/lib/cli.js:66926:18)
      at Request.self.callback (/Users/kamilkulik/.nvm/versions/node/v10.16.3/lib/node_modules/yarn/lib/cli.js:140564:22)
      at Request.emit (events.js:198:13)
      at Request.<anonymous> (/Users/kamilkulik/.nvm/versions/node/v10.16.3/lib/node_modules/yarn/lib/cli.js:141536:10)
      at Request.emit (events.js:198:13)
      at IncomingMessage.<anonymous> (/Users/kamilkulik/.nvm/versions/node/v10.16.3/lib/node_modules/yarn/lib/cli.js:141458:12)
      at Object.onceWrapper (events.js:286:20)
      at IncomingMessage.emit (events.js:203:15)
      at endReadableNT (_stream_readable.js:1145:12)
      at process._tickCallback (internal/process/next_tick.js:63:19)

npm manifest: 
  {
    "name": "indecision-app",
    "version": "1.0.0",
    "main": "index.js",
    "license": "MIT"
  }

yarn manifest: 
  No manifest

Lockfile: 
  No lockfile
